<?xml version="1.0" encoding="UTF-8"?>
<!-- Generated by org.testng.reporters.JUnitReportReporter -->
<testsuite hostname="DESKTOP-5BKKI8L" failures="0" tests="1" name="com.allianz.test.UploadImgFile" time="7.309" errors="0" timestamp="2024-04-17T22:51:11 PDT" skipped="0">
  <testcase classname="com.allianz.test.UploadImgFile" name="uploadDisplayPicTest" time="7.309"/>
</testsuite> <!-- com.allianz.test.UploadImgFile -->
