<?xml version="1.0" encoding="UTF-8"?>
<!-- Generated by org.testng.reporters.JUnitReportReporter -->
<testsuite hostname="DESKTOP-5BKKI8L" failures="0" tests="4" name="com.allianz.test.LoginUITest" time="0.057" errors="0" timestamp="2024-04-11T05:45:35 PDT" skipped="0">
  <testcase classname="com.allianz.test.LoginUITest" name="discriptionOfTheSite" time="0.027"/>
  <testcase classname="com.allianz.test.LoginUITest" name="titleTest" time="0.006"/>
  <testcase classname="com.allianz.test.LoginUITest" name="titleTest" time="0.012"/>
  <testcase classname="com.allianz.test.LoginUITest" name="titleTest" time="0.012"/>
</testsuite> <!-- com.allianz.test.LoginUITest -->
