<?xml version="1.0" encoding="UTF-8"?>
<!-- Generated by org.testng.reporters.JUnitReportReporter -->
<testsuite hostname="DESKTOP-5BKKI8L" failures="0" tests="2" name="com.allianz.test.LoginUITest" time="1.351" errors="0" timestamp="2024-04-15T23:03:04 PDT" skipped="0">
  <testcase classname="com.allianz.test.LoginUITest" name="textPrintingTest" time="0.095"/>
  <testcase classname="com.allianz.test.LoginUITest" name="footerOfTheSite" time="1.256"/>
</testsuite> <!-- com.allianz.test.LoginUITest -->
