<?xml version="1.0" encoding="UTF-8"?>
<!-- Generated by org.testng.reporters.JUnitReportReporter -->
<testsuite hostname="DESKTOP-5BKKI8L" failures="0" tests="1" name="com.allianz.test.LoginTest" time="4.806" errors="0" timestamp="2024-04-15T23:55:28 PDT" skipped="0">
  <testcase classname="com.allianz.test.LoginTest" name="validLogintest" time="4.806"/>
</testsuite> <!-- com.allianz.test.LoginTest -->
