<?xml version="1.0" encoding="UTF-8"?>
<!-- Generated by org.testng.reporters.JUnitReportReporter -->
<testsuite hostname="DESKTOP-5BKKI8L" failures="0" tests="2" name="com.allianz.test.DataProviderTest" time="5.065" errors="0" timestamp="2024-04-16T00:14:10 PDT" skipped="0">
  <testcase classname="com.allianz.test.DataProviderTest" name="invalidLogintest" time="3.257"/>
  <testcase classname="com.allianz.test.DataProviderTest" name="invalidLogintest" time="1.808"/>
</testsuite> <!-- com.allianz.test.DataProviderTest -->
